<?xml version="1.0" encoding="UTF-8"?>
<!-- Generated by org.testng.reporters.JUnitReportReporter -->
<testsuite hostname="DESKTOP-CK6F8T0" failures="0" tests="1" name="com.myMavenProject.mySeleniumTestProject.TestClass" time="21.653" errors="0" timestamp="2020-01-22T13:08:01 IST" skipped="0">
  <testcase classname="com.myMavenProject.mySeleniumTestProject.TestClass" name="Test1" time="21.653"/>
  <system-out/>
</testsuite> <!-- com.myMavenProject.mySeleniumTestProject.TestClass -->
