<?xml version="1.0" encoding="UTF-8"?>
<!-- Generated by org.testng.reporters.JUnitReportReporter -->
<testsuite hostname="DESKTOP-CK6F8T0" failures="0" tests="4" name="com.RestAssuredTest.TestNGDemo" time="2.794" errors="0" timestamp="2020-01-20T17:00:11 IST" skipped="0">
  <testcase classname="com.RestAssuredTest.TestNGDemo" name="GetAllPosts" time="2.435"/>
  <system-out/>
  <testcase classname="com.RestAssuredTest.TestNGDemo" name="AddNewPost" time="0.188"/>
  <system-out/>
  <testcase classname="com.RestAssuredTest.TestNGDemo" name="UpdatePost" time="0.093"/>
  <system-out/>
  <testcase classname="com.RestAssuredTest.TestNGDemo" name="DeletePost" time="0.078"/>
  <system-out/>
</testsuite> <!-- com.RestAssuredTest.TestNGDemo -->
