<?xml version="1.0" encoding="UTF-8"?>
<!-- Generated by org.testng.reporters.JUnitReportReporter -->
<testsuite hostname="DESKTOP-CK6F8T0" failures="0" tests="1" name="com.RestAssuredTest.RESTMethodTests" time="3.591" errors="0" timestamp="2020-01-19T10:01:17 IST" skipped="0">
  <testcase classname="com.RestAssuredTest.RESTMethodTests" name="GetResponseInfo" time="3.591"/>
  <system-out/>
</testsuite> <!-- com.RestAssuredTest.RESTMethodTests -->
