<?xml version="1.0" encoding="UTF-8"?>
<!-- Generated by org.testng.reporters.JUnitReportReporter -->
<testsuite hostname="DESKTOP-CK6F8T0" failures="0" tests="1" name="com.RestAssuredTest.RESTCRUDTests" time="3.027" errors="0" timestamp="2020-01-20T14:43:24 IST" skipped="0">
  <testcase classname="com.RestAssuredTest.RESTCRUDTests" name="POSTMethodTest2" time="3.027"/>
  <system-out/>
</testsuite> <!-- com.RestAssuredTest.RESTCRUDTests -->
