<?xml version="1.0" encoding="UTF-8"?>
<!-- Generated by org.testng.reporters.JUnitReportReporter -->
<testsuite hostname="DESKTOP-CK6F8T0" failures="0" tests="1" name="com.RestAssuredTest.RESTUpdateTests" time="3.366" errors="0" timestamp="2020-01-19T17:09:03 IST" skipped="0">
  <testcase classname="com.RestAssuredTest.RESTUpdateTests" name="POSTMethodTest_ReqSpec" time="3.366"/>
  <system-out/>
</testsuite> <!-- com.RestAssuredTest.RESTUpdateTests -->
